{"F:\\github\\istanbul\\simple.js":{"path":"F:\\github\\istanbul\\simple.js","s":{"1":1,"2":1,"3":1,"4":1,"5":0},"b":{"1":[1,0]},"f":{},"fnMap":{},"statementMap":{"1":{"start":{"line":1,"column":0},"end":{"line":1,"column":10}},"2":{"start":{"line":2,"column":0},"end":{"line":2,"column":9}},"3":{"start":{"line":3,"column":0},"end":{"line":8,"column":1}},"4":{"start":{"line":4,"column":1},"end":{"line":4,"column":30}},"5":{"start":{"line":7,"column":1},"end":{"line":7,"column":30}}},"branchMap":{"1":{"line":3,"type":"if","locations":[{"start":{"line":3,"column":0},"end":{"line":3,"column":0}},{"start":{"line":3,"column":0},"end":{"line":3,"column":0}}]}}}}